<?xml version="1.0" encoding="UTF-8"?>
<!-- Generated by org.testng.reporters.JUnitReportReporter -->
<testsuite hostname="LGECXW1601004" failures="0" tests="1" name="testCases.TC001_AccountRegTest" time="2.512" errors="0" timestamp="2024-11-24T16:29:34 CET" skipped="0">
  <testcase classname="testCases.TC001_AccountRegTest" name="validate_Account_Reg" time="2.512"/>
</testsuite> <!-- testCases.TC001_AccountRegTest -->
