<?xml version="1.0" encoding="UTF-8"?>
<!-- Generated by org.testng.reporters.JUnitReportReporter -->
<testsuite hostname="LGECXW1601025" failures="0" tests="1" name="testCases.TC002_LoginTest" time="1.797" errors="0" timestamp="2024-11-27T17:26:22 CET" skipped="0">
  <testcase classname="testCases.TC002_LoginTest" name="verify_Login" time="1.797"/>
</testsuite> <!-- testCases.TC002_LoginTest -->
